  Citac.c
D:\FRI\BC\3. semester\PZVS\Semestralka\Semestralka\Citac.c(37,26): warning C4996: 'fopen': This function or variable may be unsafe. Consider using fopen_s instead. To disable deprecation, use _CRT_SECURE_NO_WARNINGS. See online help for details.
D:\FRI\BC\3. semester\PZVS\Semestralka\Semestralka\Citac.c(41,4): warning C4996: 'fscanf': This function or variable may be unsafe. Consider using fscanf_s instead. To disable deprecation, use _CRT_SECURE_NO_WARNINGS. See online help for details.
D:\FRI\BC\3. semester\PZVS\Semestralka\Semestralka\Citac.c(42,4): warning C4996: 'fscanf': This function or variable may be unsafe. Consider using fscanf_s instead. To disable deprecation, use _CRT_SECURE_NO_WARNINGS. See online help for details.
D:\FRI\BC\3. semester\PZVS\Semestralka\Semestralka\Citac.c(48,6): warning C4996: 'fscanf': This function or variable may be unsafe. Consider using fscanf_s instead. To disable deprecation, use _CRT_SECURE_NO_WARNINGS. See online help for details.
D:\FRI\BC\3. semester\PZVS\Semestralka\Semestralka\Citac.c(60,26): warning C4996: 'fopen': This function or variable may be unsafe. Consider using fopen_s instead. To disable deprecation, use _CRT_SECURE_NO_WARNINGS. See online help for details.
D:\FRI\BC\3. semester\PZVS\Semestralka\Semestralka\Citac.c(66,20): warning C4996: 'fscanf': This function or variable may be unsafe. Consider using fscanf_s instead. To disable deprecation, use _CRT_SECURE_NO_WARNINGS. See online help for details.
D:\FRI\BC\3. semester\PZVS\Semestralka\Semestralka\Citac.c(74,21): warning C4996: 'fscanf': This function or variable may be unsafe. Consider using fscanf_s instead. To disable deprecation, use _CRT_SECURE_NO_WARNINGS. See online help for details.
  CMemLeak.c
D:\FRI\BC\3. semester\PZVS\Semestralka\Semestralka\CMemLeak.c(204,22): warning C4996: 'fopen': This function or variable may be unsafe. Consider using fopen_s instead. To disable deprecation, use _CRT_SECURE_NO_WARNINGS. See online help for details.
D:\FRI\BC\3. semester\PZVS\Semestralka\Semestralka\CMemLeak.c(448,5): warning C4996: 'strcpy': This function or variable may be unsafe. Consider using strcpy_s instead. To disable deprecation, use _CRT_SECURE_NO_WARNINGS. See online help for details.
  Main.c
  Matica.c
D:\FRI\BC\3. semester\PZVS\Semestralka\Semestralka\Matica.c(29,27): warning C4018: '<': signed/unsigned mismatch
D:\FRI\BC\3. semester\PZVS\Semestralka\Semestralka\Matica.c(31,31): warning C4018: '<': signed/unsigned mismatch
D:\FRI\BC\3. semester\PZVS\Semestralka\Semestralka\Matica.c(46,27): warning C4018: '<': signed/unsigned mismatch
D:\FRI\BC\3. semester\PZVS\Semestralka\Semestralka\Matica.c(48,31): warning C4018: '<': signed/unsigned mismatch
D:\FRI\BC\3. semester\PZVS\Semestralka\Semestralka\Matica.c(62,27): warning C4018: '<': signed/unsigned mismatch
D:\FRI\BC\3. semester\PZVS\Semestralka\Semestralka\Matica.c(117,27): warning C4018: '<': signed/unsigned mismatch
D:\FRI\BC\3. semester\PZVS\Semestralka\Semestralka\Matica.c(119,31): warning C4018: '<': signed/unsigned mismatch
D:\FRI\BC\3. semester\PZVS\Semestralka\Semestralka\Matica.c(137,27): warning C4018: '<': signed/unsigned mismatch
D:\FRI\BC\3. semester\PZVS\Semestralka\Semestralka\Matica.c(142,35): warning C4018: '<': signed/unsigned mismatch
D:\FRI\BC\3. semester\PZVS\Semestralka\Semestralka\Matica.c(170,27): warning C4018: '<': signed/unsigned mismatch
D:\FRI\BC\3. semester\PZVS\Semestralka\Semestralka\Matica.c(172,31): warning C4018: '<': signed/unsigned mismatch
D:\FRI\BC\3. semester\PZVS\Semestralka\Semestralka\Matica.c(190,27): warning C4018: '<': signed/unsigned mismatch
D:\FRI\BC\3. semester\PZVS\Semestralka\Semestralka\Matica.c(204,27): warning C4018: '<': signed/unsigned mismatch
D:\FRI\BC\3. semester\PZVS\Semestralka\Semestralka\Matica.c(206,31): warning C4018: '<': signed/unsigned mismatch
D:\FRI\BC\3. semester\PZVS\Semestralka\Semestralka\Matica.c(234,27): warning C4018: '<': signed/unsigned mismatch
D:\FRI\BC\3. semester\PZVS\Semestralka\Semestralka\Matica.c(236,31): warning C4018: '<': signed/unsigned mismatch
D:\FRI\BC\3. semester\PZVS\Semestralka\Semestralka\Matica.c(250,26): warning C4244: '=': conversion from 'double' to 'int', possible loss of data
  Komunikator.c
D:\FRI\BC\3. semester\PZVS\Semestralka\Semestralka\Komunikator.c(128,2): warning C4996: '_sleep': This function or variable has been superceded by newer library or operating system functionality. Consider using Sleep instead. See online help for details.
  Vstup.c
D:\FRI\BC\3. semester\PZVS\Semestralka\Semestralka\Vstup.c(8,10): warning C4996: 'scanf': This function or variable may be unsafe. Consider using scanf_s instead. To disable deprecation, use _CRT_SECURE_NO_WARNINGS. See online help for details.
D:\FRI\BC\3. semester\PZVS\Semestralka\Semestralka\Vstup.c(12,3): warning C4996: 'scanf': This function or variable may be unsafe. Consider using scanf_s instead. To disable deprecation, use _CRT_SECURE_NO_WARNINGS. See online help for details.
D:\FRI\BC\3. semester\PZVS\Semestralka\Semestralka\Vstup.c(19,10): warning C4996: 'scanf': This function or variable may be unsafe. Consider using scanf_s instead. To disable deprecation, use _CRT_SECURE_NO_WARNINGS. See online help for details.
D:\FRI\BC\3. semester\PZVS\Semestralka\Semestralka\Vstup.c(23,3): warning C4996: 'scanf': This function or variable may be unsafe. Consider using scanf_s instead. To disable deprecation, use _CRT_SECURE_NO_WARNINGS. See online help for details.
  Generating Code...
  Semestralka.vcxproj -> D:\FRI\BC\3. semester\PZVS\Semestralka\Debug\Semestralka.exe
